
                                                          
  There are no commands defined in the "cron" namespace.  
                                                          


                                                          
  There are no commands defined in the "cron" namespace.  
                                                          


                                                          
  There are no commands defined in the "cron" namespace.  
                                                          


                                                          
  There are no commands defined in the "cron" namespace.  
                                                          

 [notice] Message: he he he

 [notice] Message: he he he

 [notice] Message: he he he

 [notice] Message: he he he

 [notice] Message: he he he

 [notice] Message: he he he

 [notice] Message: he he he

 [notice] Message: he he he

 [notice] Message: he he he

 [notice] Message: he he he

 [notice] Message: he he he

 [notice] Message: he he he

 [notice] Message: he he he

 [notice] Message: he he he

 [notice] Message: he he he

 [notice] Message: he he he

 [notice] Message: he he he

 [notice] Message: he he he

 [notice] Message: he he he

 [notice] Message: he he he

 [notice] Message: he he he

 [notice] Message: he he he

 [notice] Message: he he he

 [notice] Message: he he he

 [notice] Message: he he he

 [notice] Message: he he he

 [notice] Message: he he he

 [notice] Message: he he he

 [notice] Message: he he he

 [notice] Message: he he he

 [notice] Message: he he he

 [notice] Message: he he he

 [notice] Message: he he he

 [notice] Message: he he he

 [notice] Message: he he he

 [notice] Message: he he he

 [notice] Message: he he he

 [notice] Message: he he he

 [notice] Message: he he he

 [notice] Message: he he he

 [notice] Message: he he he

 [notice] Message: he he he

 [notice] Message: he he he

 [notice] Message: he he he

 [notice] Message: he he he

 [notice] Message: he he he

 [notice] Message: he he he

 [notice] Message: he he he

 [notice] Message: he he he

 [notice] Message: he he he

 [notice] Message: he he he

 [notice] Message: he he he

 [notice] Message: he he he

 [notice] Message: he he he

 [notice] Message: he he he

 [notice] Message: he he he

 [notice] Message: he he he

 [notice] Message: he he he

 [notice] Message: he he he

 [notice] Message: he he he

 [notice] Message: he he he

 [notice] Message: he he he

 [notice] Message: he he he

 [notice] Message: he he he

 [notice] Message: he he he

 [notice] Message: he he he

 [notice] Message: he he he

 [notice] Message: he he he

 [notice] Message: he he he

 [notice] Message: he he he

 [notice] Message: he he he

 [notice] Message: he he he

 [notice] Message: he he he

 [notice] Message: he he he

 [notice] Message: he he he

 [notice] Message: he he he

 [notice] Message: he he he

 [notice] Message: he he he

 [notice] Message: he he he

 [notice] Message: he he he

 [notice] Message: he he he

 [notice] Message: he he he

 [notice] Message: he he he

 [notice] Message: he he he

 [notice] Message: he he he

 [notice] Message: he he he

 [notice] Message: he he he

 [notice] Message: he he he

 [notice] Message: he he he

 [notice] Message: he he he

 [notice] Message: he he he

 [notice] Message: he he he

 [notice] Message: he he he

 [notice] Message: he he he

 [notice] Message: he he he

 [notice] Message: he he he

 [notice] Message: he he he

 [notice] Message: sadasd

 [notice] Message: wwww

 [notice] Message: sadasd

 [notice] Message: wwww

 [notice] Message: sadasd

 [notice] Message: wwww

 [notice] Message: sadasd

 [notice] Message: wwww

 [notice] Message: sadasd

 [notice] Message: wwww

 [notice] Message: sadasd

 [notice] Message: wwww

 [notice] Message: sadasd

 [notice] Message: wwww

 [notice] Message: sadasd

 [error]  Drupal\Core\Entity\Query\QueryException: Entity queries must explicitly set whether the query should be access checked or not. See Drupal\Core\Entity\Query\QueryInterface::accessCheck(). in Drupal\Core\Entity\Query\Sql\Query->prepare() (line 141 of /var/www/html/ASM/core/lib/Drupal/Core/Entity/Query/Sql/Query.php). 
 [error]  Drupal\Core\Entity\Query\QueryException: Entity queries must explicitly set whether the query should be access checked or not. See Drupal\Core\Entity\Query\QueryInterface::accessCheck(). in Drupal\Core\Entity\Query\Sql\Query->prepare() (line 141 of /var/www/html/ASM/core/lib/Drupal/Core/Entity/Query/Sql/Query.php). 
 [error]  Drupal\Core\Entity\Query\QueryException: Entity queries must explicitly set whether the query should be access checked or not. See Drupal\Core\Entity\Query\QueryInterface::accessCheck(). in Drupal\Core\Entity\Query\Sql\Query->prepare() (line 141 of /var/www/html/ASM/core/lib/Drupal/Core/Entity/Query/Sql/Query.php). 
 [error]  Drupal\Core\Entity\Query\QueryException: Entity queries must explicitly set whether the query should be access checked or not. See Drupal\Core\Entity\Query\QueryInterface::accessCheck(). in Drupal\Core\Entity\Query\Sql\Query->prepare() (line 141 of /var/www/html/ASM/core/lib/Drupal/Core/Entity/Query/Sql/Query.php). 
 [error]  Drupal\Core\Entity\Query\QueryException: Entity queries must explicitly set whether the query should be access checked or not. See Drupal\Core\Entity\Query\QueryInterface::accessCheck(). in Drupal\Core\Entity\Query\Sql\Query->prepare() (line 141 of /var/www/html/ASM/core/lib/Drupal/Core/Entity/Query/Sql/Query.php). 
 [error]  Drupal\Core\Entity\Query\QueryException: Entity queries must explicitly set whether the query should be access checked or not. See Drupal\Core\Entity\Query\QueryInterface::accessCheck(). in Drupal\Core\Entity\Query\Sql\Query->prepare() (line 141 of /var/www/html/ASM/core/lib/Drupal/Core/Entity/Query/Sql/Query.php). 
 [error]  Drupal\Core\Entity\Query\QueryException: Entity queries must explicitly set whether the query should be access checked or not. See Drupal\Core\Entity\Query\QueryInterface::accessCheck(). in Drupal\Core\Entity\Query\Sql\Query->prepare() (line 141 of /var/www/html/ASM/core/lib/Drupal/Core/Entity/Query/Sql/Query.php). 
 [error]  Drupal\Core\Entity\Query\QueryException: Entity queries must explicitly set whether the query should be access checked or not. See Drupal\Core\Entity\Query\QueryInterface::accessCheck(). in Drupal\Core\Entity\Query\Sql\Query->prepare() (line 141 of /var/www/html/ASM/core/lib/Drupal/Core/Entity/Query/Sql/Query.php). 
 [error]  Drupal\Core\Entity\Query\QueryException: Entity queries must explicitly set whether the query should be access checked or not. See Drupal\Core\Entity\Query\QueryInterface::accessCheck(). in Drupal\Core\Entity\Query\Sql\Query->prepare() (line 141 of /var/www/html/ASM/core/lib/Drupal/Core/Entity/Query/Sql/Query.php). 
 [error]  Drupal\Core\Entity\Query\QueryException: Entity queries must explicitly set whether the query should be access checked or not. See Drupal\Core\Entity\Query\QueryInterface::accessCheck(). in Drupal\Core\Entity\Query\Sql\Query->prepare() (line 141 of /var/www/html/ASM/core/lib/Drupal/Core/Entity/Query/Sql/Query.php). 
 [error]  Drupal\Core\Entity\Query\QueryException: Entity queries must explicitly set whether the query should be access checked or not. See Drupal\Core\Entity\Query\QueryInterface::accessCheck(). in Drupal\Core\Entity\Query\Sql\Query->prepare() (line 141 of /var/www/html/ASM/core/lib/Drupal/Core/Entity/Query/Sql/Query.php). 
